<?xml version="1.0" encoding="UTF-8"?>
<testsuite xmlns:xsi="http://www.w3.org/2001/XMLSchema-instance" xsi:noNamespaceSchemaLocation="https://maven.apache.org/surefire/maven-surefire-plugin/xsd/surefire-test-report-3.0.xsd" version="3.0" name="com.treloc.hypotd.AppTest" time="0.471" tests="2" errors="0" skipped="0" failures="0">
  <properties>
    <property name="java.specification.version" value="20"/>
    <property name="sun.jnu.encoding" value="UTF-8"/>
    <property name="java.class.path" value="/Users/kosukeminamoto/kminamoto/java/xTreLoc/target/test-classes:/Users/kosukeminamoto/kminamoto/java/xTreLoc/target/classes:/Users/kosukeminamoto/.m2/repository/org/apache/commons/commons-math3/3.6.1/commons-math3-3.6.1.jar:/Users/kosukeminamoto/.m2/repository/com/fasterxml/jackson/core/jackson-databind/2.16.1/jackson-databind-2.16.1.jar:/Users/kosukeminamoto/.m2/repository/com/fasterxml/jackson/core/jackson-annotations/2.16.1/jackson-annotations-2.16.1.jar:/Users/kosukeminamoto/.m2/repository/com/fasterxml/jackson/core/jackson-core/2.16.1/jackson-core-2.16.1.jar:/Users/kosukeminamoto/.m2/repository/edu/sc/seis/seisFile/2.0.6/seisFile-2.0.6.jar:/Users/kosukeminamoto/.m2/repository/edu/sc/seis/seedCodec/1.1.1/seedCodec-1.1.1.jar:/Users/kosukeminamoto/.m2/repository/org/slf4j/slf4j-api/1.7.36/slf4j-api-1.7.36.jar:/Users/kosukeminamoto/.m2/repository/com/fasterxml/woodstox/woodstox-core/6.5.0/woodstox-core-6.5.0.jar:/Users/kosukeminamoto/.m2/repository/org/codehaus/woodstox/stax2-api/4.2.1/stax2-api-4.2.1.jar:/Users/kosukeminamoto/.m2/repository/org/apache/httpcomponents/httpclient/4.5.14/httpclient-4.5.14.jar:/Users/kosukeminamoto/.m2/repository/org/apache/httpcomponents/httpcore/4.4.16/httpcore-4.4.16.jar:/Users/kosukeminamoto/.m2/repository/commons-logging/commons-logging/1.2/commons-logging-1.2.jar:/Users/kosukeminamoto/.m2/repository/commons-codec/commons-codec/1.11/commons-codec-1.11.jar:/Users/kosukeminamoto/.m2/repository/jfree/jfreechart/1.0.13/jfreechart-1.0.13.jar:/Users/kosukeminamoto/.m2/repository/jfree/jcommon/1.0.16/jcommon-1.0.16.jar:/Users/kosukeminamoto/.m2/repository/junit/junit/4.11/junit-4.11.jar:/Users/kosukeminamoto/.m2/repository/org/hamcrest/hamcrest-core/1.3/hamcrest-core-1.3.jar:/Users/kosukeminamoto/.m2/repository/edu/sc/seis/TauP/2.6.1/TauP-2.6.1.jar:/Users/kosukeminamoto/.m2/repository/org/slf4j/slf4j-reload4j/1.7.35/slf4j-reload4j-1.7.35.jar:/Users/kosukeminamoto/.m2/repository/ch/qos/reload4j/reload4j/1.2.18.3/reload4j-1.2.18.3.jar:/Users/kosukeminamoto/.m2/repository/net/sf/geographiclib/GeographicLib-Java/1.49/GeographicLib-Java-1.49.jar:/Users/kosukeminamoto/.m2/repository/org/geotools/gt-shapefile/33-SNAPSHOT/gt-shapefile-33-SNAPSHOT.jar:/Users/kosukeminamoto/.m2/repository/org/geotools/gt-main/33-SNAPSHOT/gt-main-33-SNAPSHOT.jar:/Users/kosukeminamoto/.m2/repository/org/apache/commons/commons-text/1.13.0/commons-text-1.13.0.jar:/Users/kosukeminamoto/.m2/repository/org/apache/commons/commons-lang3/3.17.0/commons-lang3-3.17.0.jar:/Users/kosukeminamoto/.m2/repository/com/google/re2j/re2j/1.8/re2j-1.8.jar:/Users/kosukeminamoto/.m2/repository/org/ejml/ejml-ddense/0.41/ejml-ddense-0.41.jar:/Users/kosukeminamoto/.m2/repository/org/ejml/ejml-core/0.41/ejml-core-0.41.jar:/Users/kosukeminamoto/.m2/repository/commons-io/commons-io/2.18.0/commons-io-2.18.0.jar:/Users/kosukeminamoto/.m2/repository/javax/media/jai_core/1.1.3/jai_core-1.1.3.jar:/Users/kosukeminamoto/.m2/repository/org/geotools/gt-swing/33-SNAPSHOT/gt-swing-33-SNAPSHOT.jar:/Users/kosukeminamoto/.m2/repository/org/geotools/gt-referencing/33-SNAPSHOT/gt-referencing-33-SNAPSHOT.jar:/Users/kosukeminamoto/.m2/repository/org/geotools/gt-metadata/33-SNAPSHOT/gt-metadata-33-SNAPSHOT.jar:/Users/kosukeminamoto/.m2/repository/org/geotools/ogc/net.opengis.ows/33-SNAPSHOT/net.opengis.ows-33-SNAPSHOT.jar:/Users/kosukeminamoto/.m2/repository/org/geotools/ogc/org.w3.xlink/33-SNAPSHOT/org.w3.xlink-33-SNAPSHOT.jar:/Users/kosukeminamoto/.m2/repository/org/eclipse/emf/org.eclipse.emf.common/2.15.0/org.eclipse.emf.common-2.15.0.jar:/Users/kosukeminamoto/.m2/repository/org/eclipse/emf/org.eclipse.emf.ecore/2.15.0/org.eclipse.emf.ecore-2.15.0.jar:/Users/kosukeminamoto/.m2/repository/org/eclipse/emf/org.eclipse.emf.ecore.xmi/2.15.0/org.eclipse.emf.ecore.xmi-2.15.0.jar:/Users/kosukeminamoto/.m2/repository/it/geosolutions/jgridshift/jgridshift-core/1.3/jgridshift-core-1.3.jar:/Users/kosukeminamoto/.m2/repository/org/geotools/gt-render/33-SNAPSHOT/gt-render-33-SNAPSHOT.jar:/Users/kosukeminamoto/.m2/repository/org/geotools/gt-cql/33-SNAPSHOT/gt-cql-33-SNAPSHOT.jar:/Users/kosukeminamoto/.m2/repository/com/conversantmedia/disruptor/1.2.15/disruptor-1.2.15.jar:/Users/kosukeminamoto/.m2/repository/com/miglayout/miglayout/3.7/miglayout-3.7-swing.jar:/Users/kosukeminamoto/.m2/repository/org/geotools/gt-tile-client/33-SNAPSHOT/gt-tile-client-33-SNAPSHOT.jar:/Users/kosukeminamoto/.m2/repository/org/geotools/gt-coverage/33-SNAPSHOT/gt-coverage-33-SNAPSHOT.jar:/Users/kosukeminamoto/.m2/repository/javax/media/jai_imageio/1.1/jai_imageio-1.1.jar:/Users/kosukeminamoto/.m2/repository/it/geosolutions/imageio-ext/imageio-ext-tiff/1.4.15/imageio-ext-tiff-1.4.15.jar:/Users/kosukeminamoto/.m2/repository/it/geosolutions/imageio-ext/imageio-ext-utilities/1.4.15/imageio-ext-utilities-1.4.15.jar:/Users/kosukeminamoto/.m2/repository/it/geosolutions/imageio-ext/imageio-ext-geocore/1.4.15/imageio-ext-geocore-1.4.15.jar:/Users/kosukeminamoto/.m2/repository/it/geosolutions/imageio-ext/imageio-ext-streams/1.4.15/imageio-ext-streams-1.4.15.jar:/Users/kosukeminamoto/.m2/repository/javax/xml/bind/jaxb-api/2.4.0-b180830.0359/jaxb-api-2.4.0-b180830.0359.jar:/Users/kosukeminamoto/.m2/repository/org/glassfish/jaxb/jaxb-runtime/2.4.0-b180830.0438/jaxb-runtime-2.4.0-b180830.0438.jar:/Users/kosukeminamoto/.m2/repository/org/glassfish/jaxb/txw2/2.4.0-b180830.0438/txw2-2.4.0-b180830.0438.jar:/Users/kosukeminamoto/.m2/repository/com/sun/istack/istack-commons-runtime/3.0.7/istack-commons-runtime-3.0.7.jar:/Users/kosukeminamoto/.m2/repository/org/jvnet/staxex/stax-ex/1.8/stax-ex-1.8.jar:/Users/kosukeminamoto/.m2/repository/com/sun/xml/fastinfoset/FastInfoset/1.2.15/FastInfoset-1.2.15.jar:/Users/kosukeminamoto/.m2/repository/javax/activation/javax.activation-api/1.2.0/javax.activation-api-1.2.0.jar:/Users/kosukeminamoto/.m2/repository/io/airlift/aircompressor/0.27/aircompressor-0.27.jar:/Users/kosukeminamoto/.m2/repository/javax/media/jai_codec/1.1.3/jai_codec-1.1.3.jar:/Users/kosukeminamoto/.m2/repository/org/jaitools/jt-zonalstats/1.6.0/jt-zonalstats-1.6.0.jar:/Users/kosukeminamoto/.m2/repository/org/jaitools/jt-utils/1.6.0/jt-utils-1.6.0.jar:/Users/kosukeminamoto/.m2/repository/it/geosolutions/jaiext/affine/jt-affine/1.1.31/jt-affine-1.1.31.jar:/Users/kosukeminamoto/.m2/repository/it/geosolutions/jaiext/algebra/jt-algebra/1.1.31/jt-algebra-1.1.31.jar:/Users/kosukeminamoto/.m2/repository/it/geosolutions/jaiext/bandmerge/jt-bandmerge/1.1.31/jt-bandmerge-1.1.31.jar:/Users/kosukeminamoto/.m2/repository/it/geosolutions/jaiext/bandselect/jt-bandselect/1.1.31/jt-bandselect-1.1.31.jar:/Users/kosukeminamoto/.m2/repository/it/geosolutions/jaiext/bandcombine/jt-bandcombine/1.1.31/jt-bandcombine-1.1.31.jar:/Users/kosukeminamoto/.m2/repository/it/geosolutions/jaiext/border/jt-border/1.1.31/jt-border-1.1.31.jar:/Users/kosukeminamoto/.m2/repository/it/geosolutions/jaiext/buffer/jt-buffer/1.1.31/jt-buffer-1.1.31.jar:/Users/kosukeminamoto/.m2/repository/it/geosolutions/jaiext/crop/jt-crop/1.1.31/jt-crop-1.1.31.jar:/Users/kosukeminamoto/.m2/repository/it/geosolutions/jaiext/iterators/jt-iterators/1.1.31/jt-iterators-1.1.31.jar:/Users/kosukeminamoto/.m2/repository/it/geosolutions/jaiext/lookup/jt-lookup/1.1.31/jt-lookup-1.1.31.jar:/Users/kosukeminamoto/.m2/repository/it/geosolutions/jaiext/mosaic/jt-mosaic/1.1.31/jt-mosaic-1.1.31.jar:/Users/kosukeminamoto/.m2/repository/it/geosolutions/jaiext/nullop/jt-nullop/1.1.31/jt-nullop-1.1.31.jar:/Users/kosukeminamoto/.m2/repository/it/geosolutions/jaiext/rescale/jt-rescale/1.1.31/jt-rescale-1.1.31.jar:/Users/kosukeminamoto/.m2/repository/it/geosolutions/jaiext/scale/jt-scale/1.1.31/jt-scale-1.1.31.jar:/Users/kosukeminamoto/.m2/repository/it/geosolutions/jaiext/scale2/jt-scale2/1.1.31/jt-scale2-1.1.31.jar:/Users/kosukeminamoto/.m2/repository/org/huldra/math/bigint/0.7.1/bigint-0.7.1.jar:/Users/kosukeminamoto/.m2/repository/it/geosolutions/jaiext/stats/jt-stats/1.1.31/jt-stats-1.1.31.jar:/Users/kosukeminamoto/.m2/repository/com/google/guava/guava/33.4.0-jre/guava-33.4.0-jre.jar:/Users/kosukeminamoto/.m2/repository/com/google/guava/failureaccess/1.0.2/failureaccess-1.0.2.jar:/Users/kosukeminamoto/.m2/repository/com/google/guava/listenablefuture/9999.0-empty-to-avoid-conflict-with-guava/listenablefuture-9999.0-empty-to-avoid-conflict-with-guava.jar:/Users/kosukeminamoto/.m2/repository/com/google/code/findbugs/jsr305/3.0.2/jsr305-3.0.2.jar:/Users/kosukeminamoto/.m2/repository/org/checkerframework/checker-qual/3.43.0/checker-qual-3.43.0.jar:/Users/kosukeminamoto/.m2/repository/com/google/errorprone/error_prone_annotations/2.36.0/error_prone_annotations-2.36.0.jar:/Users/kosukeminamoto/.m2/repository/com/google/j2objc/j2objc-annotations/3.0.0/j2objc-annotations-3.0.0.jar:/Users/kosukeminamoto/.m2/repository/it/geosolutions/jaiext/translate/jt-translate/1.1.31/jt-translate-1.1.31.jar:/Users/kosukeminamoto/.m2/repository/it/geosolutions/jaiext/utilities/jt-utilities/1.1.31/jt-utilities-1.1.31.jar:/Users/kosukeminamoto/.m2/repository/it/geosolutions/jaiext/warp/jt-warp/1.1.31/jt-warp-1.1.31.jar:/Users/kosukeminamoto/.m2/repository/it/geosolutions/jaiext/zonal/jt-zonal/1.1.31/jt-zonal-1.1.31.jar:/Users/kosukeminamoto/.m2/repository/it/geosolutions/jaiext/binarize/jt-binarize/1.1.31/jt-binarize-1.1.31.jar:/Users/kosukeminamoto/.m2/repository/it/geosolutions/jaiext/format/jt-format/1.1.31/jt-format-1.1.31.jar:/Users/kosukeminamoto/.m2/repository/it/geosolutions/jaiext/colorconvert/jt-colorconvert/1.1.31/jt-colorconvert-1.1.31.jar:/Users/kosukeminamoto/.m2/repository/it/geosolutions/jaiext/errordiffusion/jt-errordiffusion/1.1.31/jt-errordiffusion-1.1.31.jar:/Users/kosukeminamoto/.m2/repository/it/geosolutions/jaiext/orderdither/jt-orderdither/1.1.31/jt-orderdither-1.1.31.jar:/Users/kosukeminamoto/.m2/repository/it/geosolutions/jaiext/colorindexer/jt-colorindexer/1.1.31/jt-colorindexer-1.1.31.jar:/Users/kosukeminamoto/.m2/repository/it/geosolutions/jaiext/imagefunction/jt-imagefunction/1.1.31/jt-imagefunction-1.1.31.jar:/Users/kosukeminamoto/.m2/repository/it/geosolutions/jaiext/piecewise/jt-piecewise/1.1.31/jt-piecewise-1.1.31.jar:/Users/kosukeminamoto/.m2/repository/it/geosolutions/jaiext/classifier/jt-classifier/1.1.31/jt-classifier-1.1.31.jar:/Users/kosukeminamoto/.m2/repository/it/geosolutions/jaiext/rlookup/jt-rlookup/1.1.31/jt-rlookup-1.1.31.jar:/Users/kosukeminamoto/.m2/repository/it/geosolutions/jaiext/vectorbin/jt-vectorbin/1.1.31/jt-vectorbin-1.1.31.jar:/Users/kosukeminamoto/.m2/repository/it/geosolutions/jaiext/shadedrelief/jt-shadedrelief/1.1.31/jt-shadedrelief-1.1.31.jar:/Users/kosukeminamoto/.m2/repository/org/geotools/gt-http/33-SNAPSHOT/gt-http-33-SNAPSHOT.jar:/Users/kosukeminamoto/.m2/repository/org/geotools/gt-api/33-SNAPSHOT/gt-api-33-SNAPSHOT.jar:/Users/kosukeminamoto/.m2/repository/commons-pool/commons-pool/1.5.4/commons-pool-1.5.4.jar:/Users/kosukeminamoto/.m2/repository/systems/uom/systems-common/2.1/systems-common-2.1.jar:/Users/kosukeminamoto/.m2/repository/si/uom/si-quantity/2.1/si-quantity-2.1.jar:/Users/kosukeminamoto/.m2/repository/si/uom/si-units/2.1/si-units-2.1.jar:/Users/kosukeminamoto/.m2/repository/jakarta/annotation/jakarta.annotation-api/1.3.4/jakarta.annotation-api-1.3.4.jar:/Users/kosukeminamoto/.m2/repository/tech/units/indriya/2.2/indriya-2.2.jar:/Users/kosukeminamoto/.m2/repository/tech/uom/lib/uom-lib-common/2.2/uom-lib-common-2.2.jar:/Users/kosukeminamoto/.m2/repository/jakarta/inject/jakarta.inject-api/2.0.1/jakarta.inject-api-2.0.1.jar:/Users/kosukeminamoto/.m2/repository/org/apiguardian/apiguardian-api/1.1.2/apiguardian-api-1.1.2.jar:/Users/kosukeminamoto/.m2/repository/javax/measure/unit-api/2.2/unit-api-2.2.jar:/Users/kosukeminamoto/.m2/repository/org/locationtech/jts/jts-core/1.20.0/jts-core-1.20.0.jar:/Users/kosukeminamoto/.m2/repository/org/geotools/gt-grid/33-SNAPSHOT/gt-grid-33-SNAPSHOT.jar:"/>
    <property name="java.vm.vendor" value="Oracle Corporation"/>
    <property name="sun.arch.data.model" value="64"/>
    <property name="java.vendor.url" value="https://java.oracle.com/"/>
    <property name="os.name" value="Mac OS X"/>
    <property name="java.vm.specification.version" value="20"/>
    <property name="sun.java.launcher" value="SUN_STANDARD"/>
    <property name="user.country" value="JP"/>
    <property name="sun.boot.library.path" value="/Library/Java/JavaVirtualMachines/jdk-20.jdk/Contents/Home/lib"/>
    <property name="sun.java.command" value="/Users/kosukeminamoto/kminamoto/java/xTreLoc/target/surefire/surefirebooter-20250320131734027_3.jar /Users/kosukeminamoto/kminamoto/java/xTreLoc/target/surefire 2025-03-20T13-17-33_965-jvmRun1 surefire-20250320131734027_1tmp surefire_0-20250320131734027_2tmp"/>
    <property name="jdk.debug" value="release"/>
    <property name="surefire.test.class.path" value="/Users/kosukeminamoto/kminamoto/java/xTreLoc/target/test-classes:/Users/kosukeminamoto/kminamoto/java/xTreLoc/target/classes:/Users/kosukeminamoto/.m2/repository/org/apache/commons/commons-math3/3.6.1/commons-math3-3.6.1.jar:/Users/kosukeminamoto/.m2/repository/com/fasterxml/jackson/core/jackson-databind/2.16.1/jackson-databind-2.16.1.jar:/Users/kosukeminamoto/.m2/repository/com/fasterxml/jackson/core/jackson-annotations/2.16.1/jackson-annotations-2.16.1.jar:/Users/kosukeminamoto/.m2/repository/com/fasterxml/jackson/core/jackson-core/2.16.1/jackson-core-2.16.1.jar:/Users/kosukeminamoto/.m2/repository/edu/sc/seis/seisFile/2.0.6/seisFile-2.0.6.jar:/Users/kosukeminamoto/.m2/repository/edu/sc/seis/seedCodec/1.1.1/seedCodec-1.1.1.jar:/Users/kosukeminamoto/.m2/repository/org/slf4j/slf4j-api/1.7.36/slf4j-api-1.7.36.jar:/Users/kosukeminamoto/.m2/repository/com/fasterxml/woodstox/woodstox-core/6.5.0/woodstox-core-6.5.0.jar:/Users/kosukeminamoto/.m2/repository/org/codehaus/woodstox/stax2-api/4.2.1/stax2-api-4.2.1.jar:/Users/kosukeminamoto/.m2/repository/org/apache/httpcomponents/httpclient/4.5.14/httpclient-4.5.14.jar:/Users/kosukeminamoto/.m2/repository/org/apache/httpcomponents/httpcore/4.4.16/httpcore-4.4.16.jar:/Users/kosukeminamoto/.m2/repository/commons-logging/commons-logging/1.2/commons-logging-1.2.jar:/Users/kosukeminamoto/.m2/repository/commons-codec/commons-codec/1.11/commons-codec-1.11.jar:/Users/kosukeminamoto/.m2/repository/jfree/jfreechart/1.0.13/jfreechart-1.0.13.jar:/Users/kosukeminamoto/.m2/repository/jfree/jcommon/1.0.16/jcommon-1.0.16.jar:/Users/kosukeminamoto/.m2/repository/junit/junit/4.11/junit-4.11.jar:/Users/kosukeminamoto/.m2/repository/org/hamcrest/hamcrest-core/1.3/hamcrest-core-1.3.jar:/Users/kosukeminamoto/.m2/repository/edu/sc/seis/TauP/2.6.1/TauP-2.6.1.jar:/Users/kosukeminamoto/.m2/repository/org/slf4j/slf4j-reload4j/1.7.35/slf4j-reload4j-1.7.35.jar:/Users/kosukeminamoto/.m2/repository/ch/qos/reload4j/reload4j/1.2.18.3/reload4j-1.2.18.3.jar:/Users/kosukeminamoto/.m2/repository/net/sf/geographiclib/GeographicLib-Java/1.49/GeographicLib-Java-1.49.jar:/Users/kosukeminamoto/.m2/repository/org/geotools/gt-shapefile/33-SNAPSHOT/gt-shapefile-33-SNAPSHOT.jar:/Users/kosukeminamoto/.m2/repository/org/geotools/gt-main/33-SNAPSHOT/gt-main-33-SNAPSHOT.jar:/Users/kosukeminamoto/.m2/repository/org/apache/commons/commons-text/1.13.0/commons-text-1.13.0.jar:/Users/kosukeminamoto/.m2/repository/org/apache/commons/commons-lang3/3.17.0/commons-lang3-3.17.0.jar:/Users/kosukeminamoto/.m2/repository/com/google/re2j/re2j/1.8/re2j-1.8.jar:/Users/kosukeminamoto/.m2/repository/org/ejml/ejml-ddense/0.41/ejml-ddense-0.41.jar:/Users/kosukeminamoto/.m2/repository/org/ejml/ejml-core/0.41/ejml-core-0.41.jar:/Users/kosukeminamoto/.m2/repository/commons-io/commons-io/2.18.0/commons-io-2.18.0.jar:/Users/kosukeminamoto/.m2/repository/javax/media/jai_core/1.1.3/jai_core-1.1.3.jar:/Users/kosukeminamoto/.m2/repository/org/geotools/gt-swing/33-SNAPSHOT/gt-swing-33-SNAPSHOT.jar:/Users/kosukeminamoto/.m2/repository/org/geotools/gt-referencing/33-SNAPSHOT/gt-referencing-33-SNAPSHOT.jar:/Users/kosukeminamoto/.m2/repository/org/geotools/gt-metadata/33-SNAPSHOT/gt-metadata-33-SNAPSHOT.jar:/Users/kosukeminamoto/.m2/repository/org/geotools/ogc/net.opengis.ows/33-SNAPSHOT/net.opengis.ows-33-SNAPSHOT.jar:/Users/kosukeminamoto/.m2/repository/org/geotools/ogc/org.w3.xlink/33-SNAPSHOT/org.w3.xlink-33-SNAPSHOT.jar:/Users/kosukeminamoto/.m2/repository/org/eclipse/emf/org.eclipse.emf.common/2.15.0/org.eclipse.emf.common-2.15.0.jar:/Users/kosukeminamoto/.m2/repository/org/eclipse/emf/org.eclipse.emf.ecore/2.15.0/org.eclipse.emf.ecore-2.15.0.jar:/Users/kosukeminamoto/.m2/repository/org/eclipse/emf/org.eclipse.emf.ecore.xmi/2.15.0/org.eclipse.emf.ecore.xmi-2.15.0.jar:/Users/kosukeminamoto/.m2/repository/it/geosolutions/jgridshift/jgridshift-core/1.3/jgridshift-core-1.3.jar:/Users/kosukeminamoto/.m2/repository/org/geotools/gt-render/33-SNAPSHOT/gt-render-33-SNAPSHOT.jar:/Users/kosukeminamoto/.m2/repository/org/geotools/gt-cql/33-SNAPSHOT/gt-cql-33-SNAPSHOT.jar:/Users/kosukeminamoto/.m2/repository/com/conversantmedia/disruptor/1.2.15/disruptor-1.2.15.jar:/Users/kosukeminamoto/.m2/repository/com/miglayout/miglayout/3.7/miglayout-3.7-swing.jar:/Users/kosukeminamoto/.m2/repository/org/geotools/gt-tile-client/33-SNAPSHOT/gt-tile-client-33-SNAPSHOT.jar:/Users/kosukeminamoto/.m2/repository/org/geotools/gt-coverage/33-SNAPSHOT/gt-coverage-33-SNAPSHOT.jar:/Users/kosukeminamoto/.m2/repository/javax/media/jai_imageio/1.1/jai_imageio-1.1.jar:/Users/kosukeminamoto/.m2/repository/it/geosolutions/imageio-ext/imageio-ext-tiff/1.4.15/imageio-ext-tiff-1.4.15.jar:/Users/kosukeminamoto/.m2/repository/it/geosolutions/imageio-ext/imageio-ext-utilities/1.4.15/imageio-ext-utilities-1.4.15.jar:/Users/kosukeminamoto/.m2/repository/it/geosolutions/imageio-ext/imageio-ext-geocore/1.4.15/imageio-ext-geocore-1.4.15.jar:/Users/kosukeminamoto/.m2/repository/it/geosolutions/imageio-ext/imageio-ext-streams/1.4.15/imageio-ext-streams-1.4.15.jar:/Users/kosukeminamoto/.m2/repository/javax/xml/bind/jaxb-api/2.4.0-b180830.0359/jaxb-api-2.4.0-b180830.0359.jar:/Users/kosukeminamoto/.m2/repository/org/glassfish/jaxb/jaxb-runtime/2.4.0-b180830.0438/jaxb-runtime-2.4.0-b180830.0438.jar:/Users/kosukeminamoto/.m2/repository/org/glassfish/jaxb/txw2/2.4.0-b180830.0438/txw2-2.4.0-b180830.0438.jar:/Users/kosukeminamoto/.m2/repository/com/sun/istack/istack-commons-runtime/3.0.7/istack-commons-runtime-3.0.7.jar:/Users/kosukeminamoto/.m2/repository/org/jvnet/staxex/stax-ex/1.8/stax-ex-1.8.jar:/Users/kosukeminamoto/.m2/repository/com/sun/xml/fastinfoset/FastInfoset/1.2.15/FastInfoset-1.2.15.jar:/Users/kosukeminamoto/.m2/repository/javax/activation/javax.activation-api/1.2.0/javax.activation-api-1.2.0.jar:/Users/kosukeminamoto/.m2/repository/io/airlift/aircompressor/0.27/aircompressor-0.27.jar:/Users/kosukeminamoto/.m2/repository/javax/media/jai_codec/1.1.3/jai_codec-1.1.3.jar:/Users/kosukeminamoto/.m2/repository/org/jaitools/jt-zonalstats/1.6.0/jt-zonalstats-1.6.0.jar:/Users/kosukeminamoto/.m2/repository/org/jaitools/jt-utils/1.6.0/jt-utils-1.6.0.jar:/Users/kosukeminamoto/.m2/repository/it/geosolutions/jaiext/affine/jt-affine/1.1.31/jt-affine-1.1.31.jar:/Users/kosukeminamoto/.m2/repository/it/geosolutions/jaiext/algebra/jt-algebra/1.1.31/jt-algebra-1.1.31.jar:/Users/kosukeminamoto/.m2/repository/it/geosolutions/jaiext/bandmerge/jt-bandmerge/1.1.31/jt-bandmerge-1.1.31.jar:/Users/kosukeminamoto/.m2/repository/it/geosolutions/jaiext/bandselect/jt-bandselect/1.1.31/jt-bandselect-1.1.31.jar:/Users/kosukeminamoto/.m2/repository/it/geosolutions/jaiext/bandcombine/jt-bandcombine/1.1.31/jt-bandcombine-1.1.31.jar:/Users/kosukeminamoto/.m2/repository/it/geosolutions/jaiext/border/jt-border/1.1.31/jt-border-1.1.31.jar:/Users/kosukeminamoto/.m2/repository/it/geosolutions/jaiext/buffer/jt-buffer/1.1.31/jt-buffer-1.1.31.jar:/Users/kosukeminamoto/.m2/repository/it/geosolutions/jaiext/crop/jt-crop/1.1.31/jt-crop-1.1.31.jar:/Users/kosukeminamoto/.m2/repository/it/geosolutions/jaiext/iterators/jt-iterators/1.1.31/jt-iterators-1.1.31.jar:/Users/kosukeminamoto/.m2/repository/it/geosolutions/jaiext/lookup/jt-lookup/1.1.31/jt-lookup-1.1.31.jar:/Users/kosukeminamoto/.m2/repository/it/geosolutions/jaiext/mosaic/jt-mosaic/1.1.31/jt-mosaic-1.1.31.jar:/Users/kosukeminamoto/.m2/repository/it/geosolutions/jaiext/nullop/jt-nullop/1.1.31/jt-nullop-1.1.31.jar:/Users/kosukeminamoto/.m2/repository/it/geosolutions/jaiext/rescale/jt-rescale/1.1.31/jt-rescale-1.1.31.jar:/Users/kosukeminamoto/.m2/repository/it/geosolutions/jaiext/scale/jt-scale/1.1.31/jt-scale-1.1.31.jar:/Users/kosukeminamoto/.m2/repository/it/geosolutions/jaiext/scale2/jt-scale2/1.1.31/jt-scale2-1.1.31.jar:/Users/kosukeminamoto/.m2/repository/org/huldra/math/bigint/0.7.1/bigint-0.7.1.jar:/Users/kosukeminamoto/.m2/repository/it/geosolutions/jaiext/stats/jt-stats/1.1.31/jt-stats-1.1.31.jar:/Users/kosukeminamoto/.m2/repository/com/google/guava/guava/33.4.0-jre/guava-33.4.0-jre.jar:/Users/kosukeminamoto/.m2/repository/com/google/guava/failureaccess/1.0.2/failureaccess-1.0.2.jar:/Users/kosukeminamoto/.m2/repository/com/google/guava/listenablefuture/9999.0-empty-to-avoid-conflict-with-guava/listenablefuture-9999.0-empty-to-avoid-conflict-with-guava.jar:/Users/kosukeminamoto/.m2/repository/com/google/code/findbugs/jsr305/3.0.2/jsr305-3.0.2.jar:/Users/kosukeminamoto/.m2/repository/org/checkerframework/checker-qual/3.43.0/checker-qual-3.43.0.jar:/Users/kosukeminamoto/.m2/repository/com/google/errorprone/error_prone_annotations/2.36.0/error_prone_annotations-2.36.0.jar:/Users/kosukeminamoto/.m2/repository/com/google/j2objc/j2objc-annotations/3.0.0/j2objc-annotations-3.0.0.jar:/Users/kosukeminamoto/.m2/repository/it/geosolutions/jaiext/translate/jt-translate/1.1.31/jt-translate-1.1.31.jar:/Users/kosukeminamoto/.m2/repository/it/geosolutions/jaiext/utilities/jt-utilities/1.1.31/jt-utilities-1.1.31.jar:/Users/kosukeminamoto/.m2/repository/it/geosolutions/jaiext/warp/jt-warp/1.1.31/jt-warp-1.1.31.jar:/Users/kosukeminamoto/.m2/repository/it/geosolutions/jaiext/zonal/jt-zonal/1.1.31/jt-zonal-1.1.31.jar:/Users/kosukeminamoto/.m2/repository/it/geosolutions/jaiext/binarize/jt-binarize/1.1.31/jt-binarize-1.1.31.jar:/Users/kosukeminamoto/.m2/repository/it/geosolutions/jaiext/format/jt-format/1.1.31/jt-format-1.1.31.jar:/Users/kosukeminamoto/.m2/repository/it/geosolutions/jaiext/colorconvert/jt-colorconvert/1.1.31/jt-colorconvert-1.1.31.jar:/Users/kosukeminamoto/.m2/repository/it/geosolutions/jaiext/errordiffusion/jt-errordiffusion/1.1.31/jt-errordiffusion-1.1.31.jar:/Users/kosukeminamoto/.m2/repository/it/geosolutions/jaiext/orderdither/jt-orderdither/1.1.31/jt-orderdither-1.1.31.jar:/Users/kosukeminamoto/.m2/repository/it/geosolutions/jaiext/colorindexer/jt-colorindexer/1.1.31/jt-colorindexer-1.1.31.jar:/Users/kosukeminamoto/.m2/repository/it/geosolutions/jaiext/imagefunction/jt-imagefunction/1.1.31/jt-imagefunction-1.1.31.jar:/Users/kosukeminamoto/.m2/repository/it/geosolutions/jaiext/piecewise/jt-piecewise/1.1.31/jt-piecewise-1.1.31.jar:/Users/kosukeminamoto/.m2/repository/it/geosolutions/jaiext/classifier/jt-classifier/1.1.31/jt-classifier-1.1.31.jar:/Users/kosukeminamoto/.m2/repository/it/geosolutions/jaiext/rlookup/jt-rlookup/1.1.31/jt-rlookup-1.1.31.jar:/Users/kosukeminamoto/.m2/repository/it/geosolutions/jaiext/vectorbin/jt-vectorbin/1.1.31/jt-vectorbin-1.1.31.jar:/Users/kosukeminamoto/.m2/repository/it/geosolutions/jaiext/shadedrelief/jt-shadedrelief/1.1.31/jt-shadedrelief-1.1.31.jar:/Users/kosukeminamoto/.m2/repository/org/geotools/gt-http/33-SNAPSHOT/gt-http-33-SNAPSHOT.jar:/Users/kosukeminamoto/.m2/repository/org/geotools/gt-api/33-SNAPSHOT/gt-api-33-SNAPSHOT.jar:/Users/kosukeminamoto/.m2/repository/commons-pool/commons-pool/1.5.4/commons-pool-1.5.4.jar:/Users/kosukeminamoto/.m2/repository/systems/uom/systems-common/2.1/systems-common-2.1.jar:/Users/kosukeminamoto/.m2/repository/si/uom/si-quantity/2.1/si-quantity-2.1.jar:/Users/kosukeminamoto/.m2/repository/si/uom/si-units/2.1/si-units-2.1.jar:/Users/kosukeminamoto/.m2/repository/jakarta/annotation/jakarta.annotation-api/1.3.4/jakarta.annotation-api-1.3.4.jar:/Users/kosukeminamoto/.m2/repository/tech/units/indriya/2.2/indriya-2.2.jar:/Users/kosukeminamoto/.m2/repository/tech/uom/lib/uom-lib-common/2.2/uom-lib-common-2.2.jar:/Users/kosukeminamoto/.m2/repository/jakarta/inject/jakarta.inject-api/2.0.1/jakarta.inject-api-2.0.1.jar:/Users/kosukeminamoto/.m2/repository/org/apiguardian/apiguardian-api/1.1.2/apiguardian-api-1.1.2.jar:/Users/kosukeminamoto/.m2/repository/javax/measure/unit-api/2.2/unit-api-2.2.jar:/Users/kosukeminamoto/.m2/repository/org/locationtech/jts/jts-core/1.20.0/jts-core-1.20.0.jar:/Users/kosukeminamoto/.m2/repository/org/geotools/gt-grid/33-SNAPSHOT/gt-grid-33-SNAPSHOT.jar:"/>
    <property name="sun.cpu.endian" value="little"/>
    <property name="user.home" value="/Users/kosukeminamoto"/>
    <property name="user.language" value="en"/>
    <property name="java.specification.vendor" value="Oracle Corporation"/>
    <property name="java.version.date" value="2023-07-18"/>
    <property name="java.home" value="/Library/Java/JavaVirtualMachines/jdk-20.jdk/Contents/Home"/>
    <property name="file.separator" value="/"/>
    <property name="basedir" value="/Users/kosukeminamoto/kminamoto/java/xTreLoc"/>
    <property name="java.vm.compressedOopsMode" value="Zero based"/>
    <property name="line.separator" value="&#10;"/>
    <property name="java.specification.name" value="Java Platform API Specification"/>
    <property name="java.vm.specification.vendor" value="Oracle Corporation"/>
    <property name="apple.awt.application.name" value="ForkedBooter"/>
    <property name="surefire.real.class.path" value="/Users/kosukeminamoto/kminamoto/java/xTreLoc/target/surefire/surefirebooter-20250320131734027_3.jar"/>
    <property name="sun.management.compiler" value="HotSpot 64-Bit Tiered Compilers"/>
    <property name="java.runtime.version" value="20.0.2+9-78"/>
    <property name="user.name" value="kosukeminamoto"/>
    <property name="stdout.encoding" value="UTF-8"/>
    <property name="path.separator" value=":"/>
    <property name="os.version" value="14.5"/>
    <property name="java.runtime.name" value="Java(TM) SE Runtime Environment"/>
    <property name="file.encoding" value="UTF-8"/>
    <property name="java.vm.name" value="Java HotSpot(TM) 64-Bit Server VM"/>
    <property name="localRepository" value="/Users/kosukeminamoto/.m2/repository"/>
    <property name="java.vendor.url.bug" value="https://bugreport.java.com/bugreport/"/>
    <property name="java.io.tmpdir" value="/var/folders/64/r06s54sj0k3bptf48z3z8phc0000gn/T/"/>
    <property name="java.version" value="20.0.2"/>
    <property name="user.dir" value="/Users/kosukeminamoto/kminamoto/java/xTreLoc"/>
    <property name="os.arch" value="aarch64"/>
    <property name="java.vm.specification.name" value="Java Virtual Machine Specification"/>
    <property name="native.encoding" value="UTF-8"/>
    <property name="java.library.path" value="/Users/kosukeminamoto/Library/Java/Extensions:/Library/Java/Extensions:/Network/Library/Java/Extensions:/System/Library/Java/Extensions:/usr/lib/java:."/>
    <property name="java.vm.info" value="mixed mode, sharing"/>
    <property name="stderr.encoding" value="UTF-8"/>
    <property name="java.vendor" value="Oracle Corporation"/>
    <property name="java.vm.version" value="20.0.2+9-78"/>
    <property name="sun.io.unicode.encoding" value="UnicodeBig"/>
    <property name="java.class.version" value="64.0"/>
  </properties>
  <testcase name="testLSQR" classname="com.treloc.hypotd.AppTest" time="0.014">
    <system-err><![CDATA[Mar 20, 2025 1:17:34 PM com.treloc.hypotd.HypoUtils <init>
INFO: Loaded velocity model:
modelName=prem

 radiusOfEarth=6371.0
 mohoDepth=24.4
 cmbDepth=2891.0
 iocbDepth=5149.5
 minRadius=0.0
 maxRadius=6371.0
 spherical=true
getNumLayers()=80

Mar 20, 2025 1:17:34 PM com.treloc.hypotd.PointsHandler writeDatFile
WARNING: Error: writing :  (No such file or directory)
Mar 20, 2025 1:17:34 PM com.treloc.hypotd.SyntheticTest generateData
INFO: Generated synthetic data: 
]]></system-err>
  </testcase>
  <testcase name="testSTDLoc" classname="com.treloc.hypotd.AppTest" time="0.156">
    <system-err><![CDATA[Mar 20, 2025 1:17:34 PM com.treloc.hypotd.HypoUtils <init>
INFO: Loaded velocity model:
modelName=prem

 radiusOfEarth=6371.0
 mohoDepth=24.4
 cmbDepth=2891.0
 iocbDepth=5149.5
 minRadius=0.0
 maxRadius=6371.0
 spherical=true
getNumLayers()=80

Mar 20, 2025 1:17:34 PM com.treloc.hypotd.HypoStationPairDiff start
INFO: 143.500 39.499 19.842 0.211 0.071 0.118 0.081
Mar 20, 2025 1:17:34 PM com.treloc.hypotd.HypoStationPairDiff start
INFO: 	(Evaluations: 4, Iterations: 3)
]]></system-err>
  </testcase>
</testsuite>